<?xml version="1.0" encoding="utf-8"?>
<TestRun id="54f2c8cc-71eb-4eda-b83b-cfe5edfac7a4" name="@224ab69fcf8f 2024-08-16 05:37:46" xmlns="http://microsoft.com/schemas/VisualStudio/TeamTest/2010">
  <Times creation="2024-08-16T05:37:46.9334651+00:00" queuing="2024-08-16T05:37:46.9334653+00:00" start="2024-08-16T05:32:45.8485643+00:00" finish="2024-08-16T05:37:46.9406823+00:00" />
  <TestSettings name="default" id="57c4d30a-7a0f-44b5-8b34-79d19f0d72ac">
    <Deployment runDeploymentRoot="_224ab69fcf8f_2024-08-16_05_37_46" />
  </TestSettings>
  <Results>
    <UnitTestResult executionId="8785f4d0-3365-4dbb-98ac-bfc26bbc8779" testId="70dc6624-1272-ae6a-01bb-e344c8c3dcaf" testName="GoogleSearchTest" computerName="224ab69fcf8f" duration="00:05:00.0429669" startTime="2024-08-16T05:32:46.8110238+00:00" endTime="2024-08-16T05:37:46.8539510+00:00" testType="13cdc9d9-ddb5-4fa4-a97d-d965ccfc6d4b" outcome="Failed" testListId="8c84fa94-04c1-424b-9868-57a2d4851a1d" relativeResultsDirectory="8785f4d0-3365-4dbb-98ac-bfc26bbc8779">
      <Output>
        <ErrorInfo>
          <Message>OpenQA.Selenium.NoSuchDriverException : Unable to obtain chrome using Selenium Manager; For documentation on this error, please visit: https://www.selenium.dev/documentation/webdriver/troubleshooting/errors/driver_location
  ----&gt; OpenQA.Selenium.WebDriverException : Error starting process: /app/seleinum_tests/bin/Debug/net6.0/selenium-manager/linux/selenium-manager  --browser "chrome" --language-binding csharp --output json
  ----&gt; OpenQA.Selenium.WebDriverException : Selenium Manager process exited abnormally with 65 code: /app/seleinum_tests/bin/Debug/net6.0/selenium-manager/linux/selenium-manager  --browser "chrome" --language-binding csharp --output json
Standard Output &gt;&gt;
{
  "logs": [
    {
      "level": "ERROR",
      "timestamp": 1723786666,
      "message": "error sending request for url (https://googlechromelabs.github.io/chrome-for-testing/last-known-good-versions-with-downloads.json): operation timed out"
    }
  ],
  "result": {
    "code": 65,
    "message": "error sending request for url (https://googlechromelabs.github.io/chrome-for-testing/last-known-good-versions-with-downloads.json): operation timed out",
    "driver_path": "",
    "browser_path": ""
  }
}

&lt;&lt;

TearDown : System.NullReferenceException : Object reference not set to an instance of an object.</Message>
          <StackTrace>   at OpenQA.Selenium.DriverFinder.FullPath(DriverOptions options)
   at OpenQA.Selenium.Chromium.ChromiumDriver.GenerateDriverServiceCommandExecutor(DriverService service, DriverOptions options, TimeSpan commandTimeout)
   at OpenQA.Selenium.Chromium.ChromiumDriver..ctor(ChromiumDriverService service, ChromiumOptions options, TimeSpan commandTimeout)
   at OpenQA.Selenium.Chrome.ChromeDriver..ctor(ChromeDriverService service, ChromeOptions options, TimeSpan commandTimeout)
   at OpenQA.Selenium.Chrome.ChromeDriver..ctor(ChromeOptions options)
   at OpenQA.Selenium.Chrome.ChromeDriver..ctor()
   at seleinum_tests.seleinumTests.Setup() in /app/seleinum_tests/Class1.cs:line 24
--WebDriverException
   at OpenQA.Selenium.SeleniumManager.RunCommand(String fileName, String arguments)
   at OpenQA.Selenium.SeleniumManager.DriverPath(DriverOptions options)
   at OpenQA.Selenium.DriverFinder.FullPath(DriverOptions options)
--WebDriverException
   at OpenQA.Selenium.SeleniumManager.RunCommand(String fileName, String arguments)
--TearDown
   at seleinum_tests.seleinumTests.TearDown() in /app/seleinum_tests/Class1.cs:line 52
</StackTrace>
        </ErrorInfo>
      </Output>
    </UnitTestResult>
  </Results>
  <TestDefinitions>
    <UnitTest name="GoogleSearchTest" storage="/app/seleinum_tests/bin/debug/net6.0/seleinum_tests.dll" id="70dc6624-1272-ae6a-01bb-e344c8c3dcaf">
      <Execution id="8785f4d0-3365-4dbb-98ac-bfc26bbc8779" />
      <TestMethod codeBase="/app/seleinum_tests/bin/Debug/net6.0/seleinum_tests.dll" adapterTypeName="executor://nunit3testexecutor/" className="seleinum_tests.seleinumTests" name="GoogleSearchTest" />
    </UnitTest>
  </TestDefinitions>
  <TestEntries>
    <TestEntry testId="70dc6624-1272-ae6a-01bb-e344c8c3dcaf" executionId="8785f4d0-3365-4dbb-98ac-bfc26bbc8779" testListId="8c84fa94-04c1-424b-9868-57a2d4851a1d" />
  </TestEntries>
  <TestLists>
    <TestList name="Results Not in a List" id="8c84fa94-04c1-424b-9868-57a2d4851a1d" />
    <TestList name="All Loaded Results" id="19431567-8539-422a-85d7-44ee4e166bda" />
  </TestLists>
  <ResultSummary outcome="Failed">
    <Counters total="1" executed="1" passed="0" failed="1" error="0" timeout="0" aborted="0" inconclusive="0" passedButRunAborted="0" notRunnable="0" notExecuted="0" disconnected="0" warning="0" completed="0" inProgress="0" pending="0" />
    <Output>
      <StdOut>NUnit Adapter 4.5.0.0: Test execution started
Running all tests in /app/seleinum_tests/bin/Debug/net6.0/seleinum_tests.dll
   NUnit3TestExecutor discovered 1 of 1 NUnit test cases using Current Discovery mode, Non-Explicit run
NUnit Adapter 4.5.0.0: Test execution complete
</StdOut>
    </Output>
  </ResultSummary>
</TestRun>